<?xml version="1.0" encoding="UTF-8"?>
<testsuite xmlns:xsi="http://www.w3.org/2001/XMLSchema-instance" xsi:noNamespaceSchemaLocation="https://maven.apache.org/surefire/maven-surefire-plugin/xsd/surefire-test-report-3.0.xsd" version="3.0" name="harsh.drs_initial.DisasterTests" time="0.232" tests="12" errors="0" skipped="0" failures="0">
  <properties>
[...]
</properties>
  <testcase name="testLogContent" classname="harsh.drs_initial.DisasterTests" time="0.041"/>
  <testcase name="testToString" classname="harsh.drs_initial.DisasterTests" time="0.009"/>
  <testcase name="testConstructorAndGetters" classname="harsh.drs_initial.DisasterTests" time="0.002"/>
  <testcase name="testCsvFileWriting" classname="harsh.drs_initial.DisasterTests" time="0.003"/>
  <testcase name="testPriorityAssignment(String, int, String)[1]" classname="harsh.drs_initial.DisasterTests" time="0.042"/>
  <testcase name="testPriorityAssignment(String, int, String)[2]" classname="harsh.drs_initial.DisasterTests" time="0.0"/>
  <testcase name="testPriorityAssignment(String, int, String)[3]" classname="harsh.drs_initial.DisasterTests" time="0.016"/>
  <testcase name="testPriorityAssignment(String, int, String)[4]" classname="harsh.drs_initial.DisasterTests" time="0.002"/>
  <testcase name="testPriorityAssignment(String, int, String)[5]" classname="harsh.drs_initial.DisasterTests" time="0.0"/>
  <testcase name="testPriorityAssignment(String, int, String)[6]" classname="harsh.drs_initial.DisasterTests" time="0.0"/>
  <testcase name="testPriorityAssignment(String, int, String)[7]" classname="harsh.drs_initial.DisasterTests" time="0.0"/>
  <testcase name="testSetters" classname="harsh.drs_initial.DisasterTests" time="0.0"/>
</testsuite>